🚀 Server running on port 5000
📊 Database initialized with dummy data
🔄 Inserting dummy data...
✅ Comprehensive dummy data inserted successfully
📊 Maharashtra Vidarbha Region Data:
   - 20 hospitals (Yavatmal, Hingoli, Nagpur, Akola, Washim, Amravati, Buldhana, Wardha)
   - 40 users (4 admins + 36 donors)
   - 29 doctors across all hospitals
   - 33 blood donations
   - 27 blood requests
   - 41 blood inventory items
   - 23 organ donations
   - 21 organ requests
   - 5 doctor assistance requests
Authenticated user: {
  userId: 1,
  role: 'admin',
  email: 'admin@bloodbank.com',
  iat: 1775014297
}
Authenticated user: {
  userId: 1,
  role: 'admin',
  email: 'admin@bloodbank.com',
  iat: 1775014297
}
Authenticated user: {
  userId: 1,
  role: 'admin',
  email: 'admin@bloodbank.com',
  iat: 1775014297
}
Authenticated user: {
  userId: 1,
  role: 'admin',
  email: 'admin@bloodbank.com',
  iat: 1775014297
}
Authenticated user: {
  userId: 1,
  role: 'admin',
  email: 'admin@bloodbank.com',
  iat: 1775014297
}
Authenticated user: {
  userId: 1,
  role: 'admin',
  email: 'admin@bloodbank.com',
  iat: 1775014297
}
Authenticated user: {
  userId: 1,
  role: 'admin',
  email: 'admin@bloodbank.com',
  iat: 1775014297
}
Authenticated user: {
  userId: 1,
  role: 'admin',
  email: 'admin@bloodbank.com',
  iat: 1775014308
}
Authenticated user: {
  userId: 1,
  role: 'admin',
  email: 'admin@bloodbank.com',
  iat: 1775014308
}
Authenticated user: {
  userId: 1,
  role: 'admin',
  email: 'admin@bloodbank.com',
  iat: 1775014308
}
Authenticated user: {
  userId: 1,
  role: 'admin',
  email: 'admin@bloodbank.com',
  iat: 1775014308
}
Authenticated user: {
  userId: 1,
  role: 'admin',
  email: 'admin@bloodbank.com',
  iat: 1775014308
}
Authenticated user: {
  userId: 1,
  role: 'admin',
  email: 'admin@bloodbank.com',
  iat: 1775014308
}
Authenticated user: {
  userId: 1,
  role: 'admin',
  email: 'admin@bloodbank.com',
  iat: 1775014308
}
Authenticated user: {
  userId: 1,
  role: 'admin',
  email: 'admin@bloodbank.com',
  iat: 1775014308
}
Authenticated user: {
  userId: 1,
  role: 'admin',
  email: 'admin@bloodbank.com',
  iat: 1775014308
}
